c:\users\alexander\desktop\station\station\x64\release\vc142.pdb
c:\users\alexander\desktop\station\station\x64\release\storage.obj
c:\users\alexander\desktop\station\station\x64\release\station.obj
c:\users\alexander\desktop\station\station\x64\release\spreader.obj
c:\users\alexander\desktop\station\station\x64\release\simulation.obj
c:\users\alexander\desktop\station\station\x64\release\price.obj
c:\users\alexander\desktop\station\station\x64\release\output_data.obj
c:\users\alexander\desktop\station\station\x64\release\menu.obj
c:\users\alexander\desktop\station\station\x64\release\main.obj
c:\users\alexander\desktop\station\station\x64\release\fuel.obj
c:\users\alexander\desktop\station\station\x64\release\car.obj
c:\users\alexander\desktop\station\x64\release\station.ipdb
c:\users\alexander\desktop\station\x64\release\station.iobj
c:\users\alexander\desktop\station\x64\release\station.pdb
c:\users\alexander\desktop\station\station\x64\release\station.tlog\cl.command.1.tlog
c:\users\alexander\desktop\station\station\x64\release\station.tlog\cl.read.1.tlog
c:\users\alexander\desktop\station\station\x64\release\station.tlog\cl.write.1.tlog
c:\users\alexander\desktop\station\station\x64\release\station.tlog\link.command.1.tlog
c:\users\alexander\desktop\station\station\x64\release\station.tlog\link.read.1.tlog
c:\users\alexander\desktop\station\station\x64\release\station.tlog\link.write.1.tlog
c:\users\alexander\desktop\station\station\x64\release\station.tlog\station.write.1u.tlog
